0 info it worked if it ends with ok
1 verbose cli [ '/usr/bin/node', '/usr/bin/npm', 'bugs', 'it-case' ]
2 info using npm@2.15.11
3 info using node@v0.12.18
4 verbose node symlink /usr/bin/node
5 silly mapToRegistry name it-case
6 silly mapToRegistry using default registry
7 silly mapToRegistry registry https://registry.npmjs.org/
8 silly mapToRegistry data { raw: 'it-case',
8 silly mapToRegistry   scope: null,
8 silly mapToRegistry   name: 'it-case',
8 silly mapToRegistry   rawSpec: '',
8 silly mapToRegistry   spec: 'latest',
8 silly mapToRegistry   type: 'tag' }
9 silly mapToRegistry uri https://registry.npmjs.org/it-case
10 verbose request uri https://registry.npmjs.org/it-case/latest
11 verbose request no auth needed
12 info attempt registry request try #1 at 7:57:25 PM
13 verbose request id 97db34487a118ac7
14 http request GET https://registry.npmjs.org/it-case/latest
15 http 404 https://registry.npmjs.org/it-case/latest
16 verbose headers { server: 'CouchDB/1.5.0 (Erlang OTP/R16B03)',
16 verbose headers   'content-type': 'application/json',
16 verbose headers   'cache-control': 'max-age=0',
16 verbose headers   'content-length': '51',
16 verbose headers   'accept-ranges': 'bytes',
16 verbose headers   date: 'Thu, 01 Feb 2018 19:57:28 GMT',
16 verbose headers   via: '1.1 varnish',
16 verbose headers   age: '0',
16 verbose headers   connection: 'keep-alive',
16 verbose headers   'x-served-by': 'cache-bma7034-BMA',
16 verbose headers   'x-cache': 'MISS',
16 verbose headers   'x-cache-hits': '0',
16 verbose headers   'x-timer': 'S1517515046.762867,VS0,VE2837' }
17 silly get cb [ 404,
17 silly get   { server: 'CouchDB/1.5.0 (Erlang OTP/R16B03)',
17 silly get     'content-type': 'application/json',
17 silly get     'cache-control': 'max-age=0',
17 silly get     'content-length': '51',
17 silly get     'accept-ranges': 'bytes',
17 silly get     date: 'Thu, 01 Feb 2018 19:57:28 GMT',
17 silly get     via: '1.1 varnish',
17 silly get     age: '0',
17 silly get     connection: 'keep-alive',
17 silly get     'x-served-by': 'cache-bma7034-BMA',
17 silly get     'x-cache': 'MISS',
17 silly get     'x-cache-hits': '0',
17 silly get     'x-timer': 'S1517515046.762867,VS0,VE2837' } ]
18 verbose stack Error: 404 Not Found: it-case
18 verbose stack     at makeError (/usr/lib/node_modules/npm/node_modules/npm-registry-client/lib/request.js:302:12)
18 verbose stack     at CachingRegistryClient.<anonymous> (/usr/lib/node_modules/npm/node_modules/npm-registry-client/lib/request.js:288:14)
18 verbose stack     at Request._callback (/usr/lib/node_modules/npm/node_modules/npm-registry-client/lib/request.js:210:14)
18 verbose stack     at Request.self.callback (/usr/lib/node_modules/npm/node_modules/request/request.js:187:22)
18 verbose stack     at Request.emit (events.js:110:17)
18 verbose stack     at Request.<anonymous> (/usr/lib/node_modules/npm/node_modules/request/request.js:1044:10)
18 verbose stack     at Request.emit (events.js:107:17)
18 verbose stack     at IncomingMessage.<anonymous> (/usr/lib/node_modules/npm/node_modules/request/request.js:965:12)
18 verbose stack     at IncomingMessage.emit (events.js:129:20)
18 verbose stack     at _stream_readable.js:908:16
19 verbose statusCode 404
20 verbose pkgid it-case
21 verbose cwd /home/comp30040/carshop/it-case
22 error Linux 3.19.0-68-generic
23 error argv "/usr/bin/node" "/usr/bin/npm" "bugs" "it-case"
24 error node v0.12.18
25 error npm  v2.15.11
26 error code E404
27 error 404 Not Found: it-case
27 error 404
27 error 404 'it-case' is not in the npm registry.
27 error 404 You should bug the author to publish it (or use the name yourself!)
27 error 404
27 error 404 Note that you can also install from a
27 error 404 tarball, folder, http url, or git url.
28 verbose exit [ 1, true ]
